# JRE version: OpenJDK Runtime Environment Temurin-17.0.18+8 (17.0.18+8) (build 17.0.18+8)
# Java VM: OpenJDK 64-Bit Server VM Temurin-17.0.18+8 (17.0.18+8, mixed mode, sharing, tiered, compressed oops, compressed class ptrs, g1 gc, windows-amd64)
GC Precious Log:
 CPUs: 4 total, 4 available
 Memory: 8073M
 Large Page Support: Disabled
 NUMA Support: Disabled
 Compressed Oops: Enabled (Zero based)
 Heap Region Size: 2M
 Heap Min Capacity: 8M
 Heap Initial Capacity: 128M
 Heap Max Capacity: 4G
 Pre-touch: Disabled
 Parallel Workers: 4
 Concurrent Workers: 1
 Concurrent Refinement Workers: 4
 Periodic GC: Disabled
Heap:
 garbage-first heap   total 268288K, used 155278K [0x0000000700000000, 0x0000000800000000)
  region size 2048K, 7 young (14336K), 3 survivors (6144K)
 Metaspace       used 113004K, committed 114560K, reserved 557056K
  class space    used 15909K, committed 16640K, reserved 425984K
GC Heap History (20 events):
Event: 92.553 GC heap before
{Heap before GC invocations=52 (full 0):
 garbage-first heap   total 204800K, used 164947K [0x0000000700000000, 0x0000000800000000)
  region size 2048K, 31 young (63488K), 1 survivors (2048K)
 Metaspace       used 89326K, committed 90688K, reserved 557056K
  class space    used 12666K, committed 13312K, reserved 425984K
}
Event: 92.567 GC heap after
{Heap after GC invocations=53 (full 0):
 garbage-first heap   total 204800K, used 117092K [0x0000000700000000, 0x0000000800000000)
  region size 2048K, 4 young (8192K), 4 survivors (8192K)
 Metaspace       used 89326K, committed 90688K, reserved 557056K
  class space    used 12666K, committed 13312K, reserved 425984K
}
Event: 95.349 GC heap before
{Heap before GC invocations=53 (full 0):
 garbage-first heap   total 204800K, used 160100K [0x0000000700000000, 0x0000000800000000)
  region size 2048K, 26 young (53248K), 4 survivors (8192K)
 Metaspace       used 91331K, committed 92736K, reserved 557056K
  class space    used 12886K, committed 13568K, reserved 425984K
}
Event: 95.367 GC heap after
{Heap after GC invocations=54 (full 0):
 garbage-first heap   total 204800K, used 122851K [0x0000000700000000, 0x0000000800000000)
  region size 2048K, 3 young (6144K), 3 survivors (6144K)
 Metaspace       used 91331K, committed 92736K, reserved 557056K
  class space    used 12886K, committed 13568K, reserved 425984K
}
Event: 97.449 GC heap before
{Heap before GC invocations=54 (full 0):
 garbage-first heap   total 204800K, used 161763K [0x0000000700000000, 0x0000000800000000)
  region size 2048K, 23 young (47104K), 3 survivors (6144K)
 Metaspace       used 94211K, committed 95680K, reserved 557056K
  class space    used 13209K, committed 13888K, reserved 425984K
}
Event: 97.461 GC heap after
{Heap after GC invocations=55 (full 0):
 garbage-first heap   total 204800K, used 124928K [0x0000000700000000, 0x0000000800000000)
  region size 2048K, 1 young (2048K), 1 survivors (2048K)
 Metaspace       used 94211K, committed 95680K, reserved 557056K
  class space    used 13209K, committed 13888K, reserved 425984K
}
Event: 99.757 GC heap before
{Heap before GC invocations=56 (full 0):
 garbage-first heap   total 223232K, used 163840K [0x0000000700000000, 0x0000000800000000)
  region size 2048K, 21 young (43008K), 1 survivors (2048K)
 Metaspace       used 96769K, committed 98240K, reserved 557056K
  class space    used 13520K, committed 14208K, reserved 425984K
}
Event: 99.769 GC heap after
{Heap after GC invocations=57 (full 0):
 garbage-first heap   total 223232K, used 133691K [0x0000000700000000, 0x0000000800000000)
  region size 2048K, 3 young (6144K), 3 survivors (6144K)
 Metaspace       used 96769K, committed 98240K, reserved 557056K
  class space    used 13520K, committed 14208K, reserved 425984K
}
Event: 99.789 GC heap before
{Heap before GC invocations=57 (full 0):
 garbage-first heap   total 223232K, used 137787K [0x0000000700000000, 0x0000000800000000)
  region size 2048K, 5 young (10240K), 3 survivors (6144K)
 Metaspace       used 96769K, committed 98240K, reserved 557056K
  class space    used 13520K, committed 14208K, reserved 425984K
}
Event: 99.827 GC heap after
{Heap after GC invocations=58 (full 0):
 garbage-first heap   total 223232K, used 130540K [0x0000000700000000, 0x0000000800000000)
  region size 2048K, 1 young (2048K), 1 survivors (2048K)
 Metaspace       used 96769K, committed 98240K, reserved 557056K
  class space    used 13520K, committed 14208K, reserved 425984K
}
Event: 102.376 GC heap before
{Heap before GC invocations=58 (full 0):
 garbage-first heap   total 223232K, used 177644K [0x0000000700000000, 0x0000000800000000)
  region size 2048K, 25 young (51200K), 1 survivors (2048K)
 Metaspace       used 99624K, committed 101120K, reserved 557056K
  class space    used 13905K, committed 14592K, reserved 425984K
}
Event: 102.384 GC heap after
{Heap after GC invocations=59 (full 0):
 garbage-first heap   total 268288K, used 132395K [0x0000000700000000, 0x0000000800000000)
  region size 2048K, 2 young (4096K), 2 survivors (4096K)
 Metaspace       used 99624K, committed 101120K, reserved 557056K
  class space    used 13905K, committed 14592K, reserved 425984K
}
Event: 105.524 GC heap before
{Heap before GC invocations=59 (full 0):
 garbage-first heap   total 268288K, used 208171K [0x0000000700000000, 0x0000000800000000)
  region size 2048K, 37 young (75776K), 2 survivors (4096K)
 Metaspace       used 104064K, committed 105536K, reserved 557056K
  class space    used 14480K, committed 15168K, reserved 425984K
}
Event: 105.535 GC heap after
{Heap after GC invocations=60 (full 0):
 garbage-first heap   total 268288K, used 138547K [0x0000000700000000, 0x0000000800000000)
  region size 2048K, 3 young (6144K), 3 survivors (6144K)
 Metaspace       used 104064K, committed 105536K, reserved 557056K
  class space    used 14480K, committed 15168K, reserved 425984K
}
Event: 109.038 GC heap before
{Heap before GC invocations=60 (full 0):
 garbage-first heap   total 268288K, used 210227K [0x0000000700000000, 0x0000000800000000)
  region size 2048K, 38 young (77824K), 3 survivors (6144K)
 Metaspace       used 106163K, committed 107712K, reserved 557056K
  class space    used 14813K, committed 15552K, reserved 425984K
}
Event: 109.058 GC heap after
{Heap after GC invocations=61 (full 0):
 garbage-first heap   total 268288K, used 143006K [0x0000000700000000, 0x0000000800000000)
  region size 2048K, 5 young (10240K), 5 survivors (10240K)
 Metaspace       used 106163K, committed 107712K, reserved 557056K
  class space    used 14813K, committed 15552K, reserved 425984K
}
Event: 112.055 GC heap before
{Heap before GC invocations=61 (full 0):
 garbage-first heap   total 268288K, used 212638K [0x0000000700000000, 0x0000000800000000)
  region size 2048K, 39 young (79872K), 5 survivors (10240K)
 Metaspace       used 108749K, committed 110272K, reserved 557056K
  class space    used 15186K, committed 15936K, reserved 425984K
}
Event: 112.088 GC heap after
{Heap after GC invocations=62 (full 0):
 garbage-first heap   total 268288K, used 146970K [0x0000000700000000, 0x0000000800000000)
  region size 2048K, 5 young (10240K), 5 survivors (10240K)
 Metaspace       used 108749K, committed 110272K, reserved 557056K
  class space    used 15186K, committed 15936K, reserved 425984K
}
Event: 114.463 GC heap before
{Heap before GC invocations=62 (full 0):
 garbage-first heap   total 268288K, used 216602K [0x0000000700000000, 0x0000000800000000)
  region size 2048K, 39 young (79872K), 5 survivors (10240K)
 Metaspace       used 112543K, committed 114048K, reserved 557056K
  class space    used 15840K, committed 16576K, reserved 425984K
}
Event: 114.486 GC heap after
{Heap after GC invocations=63 (full 0):
 garbage-first heap   total 268288K, used 149134K [0x0000000700000000, 0x0000000800000000)
  region size 2048K, 3 young (6144K), 3 survivors (6144K)
 Metaspace       used 112543K, committed 114048K, reserved 557056K
  class space    used 15840K, committed 16576K, reserved 425984K
}

